0 info it worked if it ends with ok
1 verbose cli [ 'C:\\Program Files\\nodejs\\node.exe',
1 verbose cli   'C:\\Users\\Nirdosh\\AppData\\Roaming\\npm\\node_modules\\npm\\bin\\npm-cli.js',
1 verbose cli   'start' ]
2 info using npm@3.10.10
3 info using node@v8.4.0
4 verbose run-script [ 'prestart', 'start', 'poststart' ]
5 info lifecycle day1a@1.0.0~prestart: day1a@1.0.0
6 silly lifecycle day1a@1.0.0~prestart: no script for prestart, continuing
7 info lifecycle day1a@1.0.0~start: day1a@1.0.0
8 verbose lifecycle day1a@1.0.0~start: unsafe-perm in lifecycle true
9 verbose lifecycle day1a@1.0.0~start: PATH: C:\Users\Nirdosh\AppData\Roaming\npm\node_modules\npm\bin\node-gyp-bin;D:\Projects\mean\day1a\node_modules\.bin;C:\Program Files\Git\cmd;C:\WINDOWS\system32;C:\WINDOWS;C:\WINDOWS\System32\Wbem;C:\WINDOWS\System32\WindowsPowerShell\v1.0\;C:\WINDOWS\system32\config\systemprofile\.dnx\bin;C:\Program Files\Microsoft DNX\Dnvm\;C:\Program Files\Microsoft SQL Server\120\DTS\Binn\;C:\Program Files\Microsoft SQL Server\Client SDK\ODBC\110\Tools\Binn\;C:\Program Files (x86)\Microsoft SQL Server\120\Tools\Binn\;C:\Program Files\Microsoft SQL Server\120\Tools\Binn\;C:\Program Files (x86)\Microsoft SQL Server\120\Tools\Binn\ManagementStudio\;C:\Program Files (x86)\Microsoft SQL Server\120\DTS\Binn\;C:\Program Files\TortoiseSVN\bin;C:\Program Files (x86)\Skype\Phone\;C:\Program Files\Git\cmd;C:\Program Files\nodejs\;;C:\Program Files (x86)\Microsoft VS Code\bin;C:\Users\Nirdosh\AppData\Local\Microsoft\WindowsApps;C:\Users\Nirdosh\AppData\Roaming\npm
10 verbose lifecycle day1a@1.0.0~start: CWD: D:\Projects\mean\day1a
11 silly lifecycle day1a@1.0.0~start: Args: [ '/d /s /c', 'node index.js' ]
12 verbose stack Error: kill ENOSYS
12 verbose stack     at Object._errnoException (util.js:1041:11)
12 verbose stack     at process.kill (internal/process.js:184:18)
12 verbose stack     at process.listener (C:\Users\Nirdosh\AppData\Roaming\npm\node_modules\npm\node_modules\npmlog\node_modules\gauge\node_modules\signal-exit\index.js:86:15)
12 verbose stack     at emitNone (events.js:110:20)
12 verbose stack     at process.emit (events.js:207:7)
12 verbose stack     at processEmit (C:\Users\Nirdosh\AppData\Roaming\npm\node_modules\npm\node_modules\npmlog\node_modules\gauge\node_modules\signal-exit\index.js:146:32)
12 verbose stack     at processEmit (C:\Users\Nirdosh\AppData\Roaming\npm\node_modules\npm\node_modules\npm-registry-client\node_modules\npmlog\node_modules\gauge\node_modules\signal-exit\index.js:146:32)
12 verbose stack     at Signal.wrap.onsignal (internal/process.js:209:44)
13 verbose cwd D:\Projects\mean\day1a
14 error Windows_NT 10.0.15063
15 error argv "C:\\Program Files\\nodejs\\node.exe" "C:\\Users\\Nirdosh\\AppData\\Roaming\\npm\\node_modules\\npm\\bin\\npm-cli.js" "start"
16 error node v8.4.0
17 error npm  v3.10.10
18 error code ENOSYS
19 error errno ENOSYS
20 error syscall kill
21 error kill ENOSYS
22 error If you need help, you may report this error at:
22 error     <https://github.com/npm/npm/issues>
23 verbose exit [ 1, true ]
